[0m15:41:34.335643 [debug] [MainThread]: Sending event: {'category': 'dbt', 'action': 'invocation', 'label': 'start', 'context': [<snowplow_tracker.self_describing_json.SelfDescribingJson object at 0x000002A534D6DD60>, <snowplow_tracker.self_describing_json.SelfDescribingJson object at 0x000002A5349AE900>, <snowplow_tracker.self_describing_json.SelfDescribingJson object at 0x000002A5346CEE10>]}


============================== 15:41:34.345066 | e840af72-958d-4abd-a558-6d9152fe175a ==============================
[0m15:41:34.345066 [info ] [MainThread]: Running with dbt=1.10.7
[0m15:41:34.345066 [debug] [MainThread]: running dbt with arguments {'printer_width': '80', 'indirect_selection': 'eager', 'write_json': 'True', 'log_cache_events': 'False', 'partial_parse': 'True', 'cache_selected_only': 'False', 'warn_error': 'None', 'version_check': 'True', 'debug': 'False', 'log_path': 'logs', 'fail_fast': 'False', 'profiles_dir': 'C:\\Users\\nekka\\.dbt', 'use_colors': 'True', 'use_experimental_parser': 'False', 'empty': 'None', 'quiet': 'False', 'no_print': 'None', 'warn_error_options': 'WarnErrorOptionsV2(error=[], warn=[], silence=[])', 'invocation_command': 'dbt init netflix', 'static_parser': 'True', 'introspect': 'True', 'target_path': 'None', 'log_format': 'default', 'send_anonymous_usage_stats': 'True'}
[0m15:41:34.391272 [info ] [MainThread]: Creating dbt configuration folder at C:\Users\nekka\.dbt
[0m15:41:34.394598 [debug] [MainThread]: Starter project path: C:\Users\nekka\Documents\netflixdbt\.venv\Lib\site-packages\dbt\include\starter_project
[0m15:41:34.437547 [info ] [MainThread]: 
Your new dbt project "netflix" was created!

For more information on how to configure the profiles.yml file,
please consult the dbt documentation here:

  https://docs.getdbt.com/docs/configure-your-profile

One more thing:

Need help? Don't hesitate to reach out to us via GitHub issues or on Slack:

  https://community.getdbt.com/

Happy modeling!

[0m15:41:34.440616 [info ] [MainThread]: Setting up your profile.
[0m15:48:22.831266 [info ] [MainThread]: Profile netflix written to C:\Users\nekka\.dbt\profiles.yml using target's profile_template.yml and your supplied values. Run 'dbt debug' to validate the connection.
[0m15:48:22.835782 [debug] [MainThread]: Command `dbt init` succeeded at 15:48:22.834248 after 408.82 seconds
[0m15:48:22.835782 [debug] [MainThread]: Sending event: {'category': 'dbt', 'action': 'invocation', 'label': 'end', 'context': [<snowplow_tracker.self_describing_json.SelfDescribingJson object at 0x000002A536337EC0>, <snowplow_tracker.self_describing_json.SelfDescribingJson object at 0x000002A536FFD580>, <snowplow_tracker.self_describing_json.SelfDescribingJson object at 0x000002A5373B5640>]}
[0m15:48:22.836854 [debug] [MainThread]: Flushing usage events
[0m15:48:23.264514 [debug] [MainThread]: An error was encountered while trying to flush usage events
[0m15:51:39.150390 [debug] [MainThread]: Sending event: {'category': 'dbt', 'action': 'invocation', 'label': 'start', 'context': [<snowplow_tracker.self_describing_json.SelfDescribingJson object at 0x0000023E64F880B0>, <snowplow_tracker.self_describing_json.SelfDescribingJson object at 0x0000023E648569C0>, <snowplow_tracker.self_describing_json.SelfDescribingJson object at 0x0000023E651AD460>]}


============================== 15:51:39.158276 | c1657e45-f007-4b6f-82de-e96519e851a1 ==============================
[0m15:51:39.158276 [info ] [MainThread]: Running with dbt=1.10.7
[0m15:51:39.160295 [debug] [MainThread]: running dbt with arguments {'printer_width': '80', 'indirect_selection': 'eager', 'log_cache_events': 'False', 'write_json': 'True', 'partial_parse': 'True', 'cache_selected_only': 'False', 'profiles_dir': 'C:\\Users\\nekka\\.dbt', 'debug': 'False', 'warn_error': 'None', 'log_path': 'logs', 'fail_fast': 'False', 'version_check': 'True', 'use_colors': 'True', 'use_experimental_parser': 'False', 'empty': 'None', 'quiet': 'False', 'no_print': 'None', 'warn_error_options': 'WarnErrorOptionsV2(error=[], warn=[], silence=[])', 'introspect': 'True', 'static_parser': 'True', 'invocation_command': 'dbt debug', 'target_path': 'None', 'log_format': 'default', 'send_anonymous_usage_stats': 'True'}
[0m15:51:39.208761 [info ] [MainThread]: dbt version: 1.10.7
[0m15:51:39.210556 [info ] [MainThread]: python version: 3.12.5
[0m15:51:39.210556 [info ] [MainThread]: python path: C:\Users\nekka\Documents\netflixdbt\.venv\Scripts\python.exe
[0m15:51:39.211574 [info ] [MainThread]: os info: Windows-11-10.0.26100-SP0
[0m15:51:41.440740 [info ] [MainThread]: Using profiles dir at C:\Users\nekka\.dbt
[0m15:51:41.440740 [info ] [MainThread]: Using profiles.yml file at C:\Users\nekka\.dbt\profiles.yml
[0m15:51:41.440740 [info ] [MainThread]: Using dbt_project.yml file at C:\Users\nekka\Documents\netflixdbt\dbt_project.yml
[0m15:51:41.440740 [info ] [MainThread]: adapter type: snowflake
[0m15:51:41.444728 [info ] [MainThread]: adapter version: 1.10.0
[0m15:51:41.444728 [info ] [MainThread]: Configuration:
[0m15:51:41.444728 [info ] [MainThread]:   profiles.yml file [[32mOK found and valid[0m]
[0m15:51:41.447079 [info ] [MainThread]:   dbt_project.yml file [[31mERROR not found[0m]
[0m15:51:41.447079 [info ] [MainThread]: Required dependencies:
[0m15:51:41.448772 [debug] [MainThread]: Executing "git --help"
[0m15:51:41.534932 [debug] [MainThread]: STDOUT: "b"usage: git [-v | --version] [-h | --help] [-C <path>] [-c <name>=<value>]\n           [--exec-path[=<path>]] [--html-path] [--man-path] [--info-path]\n           [-p | --paginate | -P | --no-pager] [--no-replace-objects] [--bare]\n           [--git-dir=<path>] [--work-tree=<path>] [--namespace=<name>]\n           [--config-env=<name>=<envvar>] <command> [<args>]\n\nThese are common Git commands used in various situations:\n\nstart a working area (see also: git help tutorial)\n   clone     Clone a repository into a new directory\n   init      Create an empty Git repository or reinitialize an existing one\n\nwork on the current change (see also: git help everyday)\n   add       Add file contents to the index\n   mv        Move or rename a file, a directory, or a symlink\n   restore   Restore working tree files\n   rm        Remove files from the working tree and from the index\n\nexamine the history and state (see also: git help revisions)\n   bisect    Use binary search to find the commit that introduced a bug\n   diff      Show changes between commits, commit and working tree, etc\n   grep      Print lines matching a pattern\n   log       Show commit logs\n   show      Show various types of objects\n   status    Show the working tree status\n\ngrow, mark and tweak your common history\n   branch    List, create, or delete branches\n   commit    Record changes to the repository\n   merge     Join two or more development histories together\n   rebase    Reapply commits on top of another base tip\n   reset     Reset current HEAD to the specified state\n   switch    Switch branches\n   tag       Create, list, delete or verify a tag object signed with GPG\n\ncollaborate (see also: git help workflows)\n   fetch     Download objects and refs from another repository\n   pull      Fetch from and integrate with another repository or a local branch\n   push      Update remote refs along with associated objects\n\n'git help -a' and 'git help -g' list available subcommands and some\nconcept guides. See 'git help <command>' or 'git help <concept>'\nto read about a specific subcommand or concept.\nSee 'git help git' for an overview of the system.\n""
[0m15:51:41.536440 [debug] [MainThread]: STDERR: "b''"
[0m15:51:41.537449 [info ] [MainThread]:  - git [[32mOK found[0m]

[0m15:51:41.537449 [info ] [MainThread]: Connection:
[0m15:51:41.538455 [info ] [MainThread]:   account: QNYXTZC-MK52769
[0m15:51:41.539453 [info ] [MainThread]:   user: dbt
[0m15:51:41.539453 [info ] [MainThread]:   database: MOVIELENS
[0m15:51:41.540448 [info ] [MainThread]:   warehouse: COMPUTE_WH
[0m15:51:41.540988 [info ] [MainThread]:   role: TRANSFORM
[0m15:51:41.542024 [info ] [MainThread]:   schema: RAW
[0m15:51:41.543159 [info ] [MainThread]:   authenticator: None
[0m15:51:41.544421 [info ] [MainThread]:   oauth_client_id: None
[0m15:51:41.544997 [info ] [MainThread]:   query_tag: None
[0m15:51:41.545347 [info ] [MainThread]:   client_session_keep_alive: False
[0m15:51:41.547232 [info ] [MainThread]:   host: None
[0m15:51:41.547232 [info ] [MainThread]:   port: None
[0m15:51:41.547232 [info ] [MainThread]:   proxy_host: None
[0m15:51:41.547232 [info ] [MainThread]:   proxy_port: None
[0m15:51:41.547232 [info ] [MainThread]:   protocol: None
[0m15:51:41.550430 [info ] [MainThread]:   connect_retries: 1
[0m15:51:41.550430 [info ] [MainThread]:   connect_timeout: None
[0m15:51:41.550430 [info ] [MainThread]:   retry_on_database_errors: False
[0m15:51:41.550430 [info ] [MainThread]:   retry_all: False
[0m15:51:41.550430 [info ] [MainThread]:   insecure_mode: False
[0m15:51:41.550430 [info ] [MainThread]:   reuse_connections: True
[0m15:51:41.550430 [info ] [MainThread]:   s3_stage_vpce_dns_name: None
[0m15:51:41.550430 [info ] [MainThread]: Registered adapter: snowflake=1.10.0
[0m15:51:42.001826 [debug] [MainThread]: Acquiring new snowflake connection 'debug'
[0m15:51:45.566515 [debug] [MainThread]: Using snowflake connection "debug"
[0m15:51:45.566515 [debug] [MainThread]: On debug: select 1 as id
[0m15:51:45.566515 [debug] [MainThread]: Opening a new connection, currently in state init
[0m15:51:46.894270 [debug] [MainThread]: SQL status: SUCCESS 1 in 1.327 seconds
[0m15:51:46.896536 [info ] [MainThread]:   Connection test: [[32mOK connection ok[0m]

[0m15:51:46.898781 [info ] [MainThread]: [31m1 check failed:[0m
[0m15:51:46.898781 [info ] [MainThread]: Project loading failed for the following reason:
 project path <C:\Users\nekka\Documents\netflixdbt\dbt_project.yml> not found

[0m15:51:46.900335 [debug] [MainThread]: Command `dbt debug` failed at 15:51:46.900335 after 8.05 seconds
[0m15:51:46.901484 [debug] [MainThread]: Connection 'debug' was left open.
[0m15:51:46.901484 [debug] [MainThread]: On debug: Close
[0m15:51:47.053472 [debug] [MainThread]: Sending event: {'category': 'dbt', 'action': 'invocation', 'label': 'end', 'context': [<snowplow_tracker.self_describing_json.SelfDescribingJson object at 0x0000023E671895B0>, <snowplow_tracker.self_describing_json.SelfDescribingJson object at 0x0000023E6547BD70>, <snowplow_tracker.self_describing_json.SelfDescribingJson object at 0x0000023E658C32F0>]}
[0m15:51:47.055488 [debug] [MainThread]: Flushing usage events
[0m15:51:47.440506 [debug] [MainThread]: An error was encountered while trying to flush usage events
